<?xml version="1.0" encoding="utf-8"?><testsuites name="pytest tests"><testsuite name="pytest" errors="0" failures="0" skipped="0" tests="20" time="3.729" timestamp="2026-06-12T15:24:44.759135+00:00" hostname="agent-env-0f351505-fd8d-4bf1-a286-9cf488a9fc35"><testcase classname="backend.tests.backend_test" name="test_root" time="0.143" /><testcase classname="backend.tests.backend_test" name="test_list_opportunities" time="0.046" /><testcase classname="backend.tests.backend_test" name="test_opportunity_detail_for_all_ids" time="0.399" /><testcase classname="backend.tests.backend_test" name="test_list_opportunities_filter_city" time="0.047" /><testcase classname="backend.tests.backend_test" name="test_get_opportunity_detail" time="0.043" /><testcase classname="backend.tests.backend_test" name="test_logout_idempotent_no_auth" time="0.115" /><testcase classname="backend.tests.backend_test" name="test_demo_watchlist_contains_valid_new_ids" time="0.385" /><testcase classname="backend.tests.backend_test" name="test_get_opportunity_not_found" time="0.045" /><testcase classname="backend.tests.backend_test" name="test_stats" time="0.045" /><testcase classname="backend.tests.backend_test" name="test_waitlist" time="0.046" /><testcase classname="backend.tests.backend_test" name="test_partner" time="0.052" /><testcase classname="backend.tests.backend_test" name="test_strategy_call" time="0.050" /><testcase classname="backend.tests.backend_test" name="test_demo_login_and_me" time="0.371" /><testcase classname="backend.tests.backend_test" name="test_admin_login" time="0.327" /><testcase classname="backend.tests.backend_test" name="test_login_invalid_credentials" time="0.049" /><testcase classname="backend.tests.backend_test" name="test_me_unauthenticated" time="0.096" /><testcase classname="backend.tests.backend_test" name="test_register_and_logout" time="0.604" /><testcase classname="backend.tests.backend_test" name="test_dashboard_requires_auth" time="0.111" /><testcase classname="backend.tests.backend_test" name="test_dashboard_loads_demo" time="0.053" /><testcase classname="backend.tests.backend_test" name="test_dashboard_watchlist_crud" time="0.610" /></testsuite></testsuites>