<?xml version="1.0" encoding="utf-8"?><testsuites name="pytest tests"><testsuite name="pytest" errors="0" failures="1" skipped="0" tests="16" time="4.688" timestamp="2026-07-17T12:22:05.751090+00:00" hostname="agent-env-0f351505-fd8d-4bf1-a286-9cf488a9fc35"><testcase classname="backend.tests.test_security_v7" name="test_security_headers_present" time="0.311" /><testcase classname="backend.tests.test_security_v7" name="test_openapi_disabled" time="0.229"><failure message="assert 200 == 404&#10; +  where 200 = &lt;Response [200]&gt;.status_code">backend/tests/test_security_v7.py:60: in test_openapi_disabled
    assert r2.status_code == 404
E   assert 200 == 404
E    +  where 200 = &lt;Response [200]&gt;.status_code</failure></testcase><testcase classname="backend.tests.test_security_v7" name="test_register_weak_password_too_short" time="0.145" /><testcase classname="backend.tests.test_security_v7" name="test_register_weak_password_letters_only" time="0.101" /><testcase classname="backend.tests.test_security_v7" name="test_register_strong_password_ok" time="0.346" /><testcase classname="backend.tests.test_security_v7" name="test_waitlist_honeypot_silently_discarded" time="0.523" /><testcase classname="backend.tests.test_security_v7" name="test_refresh_rotation_revokes_old_token" time="0.465" /><testcase classname="backend.tests.test_security_v7" name="test_logout_revokes_refresh_token" time="0.471" /><testcase classname="backend.tests.test_security_v7" name="test_upload_rejects_text_as_png" time="0.056" /><testcase classname="backend.tests.test_security_v7" name="test_upload_accepts_real_png_and_audits" time="0.141" /><testcase classname="backend.tests.test_security_v7" name="test_audit_log_endpoint" time="0.045" /><testcase classname="backend.tests.test_security_v7" name="test_audit_log_forbidden_for_investor" time="0.393" /><testcase classname="backend.tests.test_security_v7" name="test_pdf_generation_still_works" time="0.163" /><testcase classname="backend.tests.test_security_v7" name="test_zzz_waitlist_rate_limit_429" time="0.020" /><testcase classname="backend.tests.test_security_v7" name="test_zzz_register_rate_limit_429" time="1.146" /><testcase classname="backend.tests.test_security_v7" name="test_zzz_login_rate_limit_429" time="0.029" /></testsuite></testsuites>