<?xml version="1.0" encoding="utf-8"?><testsuites name="pytest tests"><testsuite name="pytest" errors="0" failures="3" skipped="0" tests="69" time="13.542" timestamp="2026-07-17T13:21:35.576422+00:00" hostname="agent-env-0f351505-fd8d-4bf1-a286-9cf488a9fc35"><testcase classname="tests.backend_test" name="test_root" time="0.200" /><testcase classname="tests.backend_test" name="test_list_opportunities_total" time="0.058" /><testcase classname="tests.backend_test" name="test_list_opportunities_ids" time="0.055" /><testcase classname="tests.backend_test" name="test_list_opportunities_required_fields" time="0.068" /><testcase classname="tests.backend_test" name="test_opportunity_detail_for_all_ids" time="0.547" /><testcase classname="tests.backend_test" name="test_list_opportunities_filter_city" time="0.059" /><testcase classname="tests.backend_test" name="test_get_opportunity_detail" time="0.055" /><testcase classname="tests.backend_test" name="test_logout_idempotent_no_auth" time="0.136" /><testcase classname="tests.backend_test" name="test_demo_watchlist_contains_valid_new_ids" time="0.429" /><testcase classname="tests.backend_test" name="test_get_opportunity_not_found" time="0.061" /><testcase classname="tests.backend_test" name="test_stats" time="0.061" /><testcase classname="tests.backend_test" name="test_waitlist" time="0.059" /><testcase classname="tests.backend_test" name="test_partner" time="0.062" /><testcase classname="tests.backend_test" name="test_strategy_call" time="0.086" /><testcase classname="tests.backend_test" name="test_demo_login_and_me" time="0.409" /><testcase classname="tests.backend_test" name="test_admin_login" time="0.335" /><testcase classname="tests.backend_test" name="test_login_invalid_credentials" time="0.065" /><testcase classname="tests.backend_test" name="test_me_unauthenticated" time="0.132" /><testcase classname="tests.backend_test" name="test_register_and_logout" time="0.576" /><testcase classname="tests.backend_test" name="test_dashboard_requires_auth" time="0.101" /><testcase classname="tests.backend_test" name="test_dashboard_loads_demo" time="0.053" /><testcase classname="tests.backend_test" name="test_dashboard_watchlist_crud" time="0.696" /><testcase classname="tests.backend_test" name="test_admin_stats" time="0.419" /><testcase classname="tests.backend_test" name="test_admin_waitlist_list" time="0.049" /><testcase classname="tests.backend_test" name="test_admin_partners_list" time="0.049" /><testcase classname="tests.backend_test" name="test_admin_strategy_calls_list" time="0.047" /><testcase classname="tests.backend_test" name="test_admin_users_list_no_password_hash" time="0.051" /><testcase classname="tests.backend_test" name="test_admin_delete_waitlist_lead" time="0.204" /><testcase classname="tests.backend_test" name="test_admin_delete_unknown_collection" time="0.049" /><testcase classname="tests.backend_test" name="test_admin_endpoints_require_auth" time="0.347" /><testcase classname="tests.backend_test" name="test_admin_endpoints_forbid_investor" time="0.271" /><testcase classname="tests.backend_test" name="test_demo_watchlist_forced_alignment" time="0.056" /><testcase classname="tests.backend_test" name="test_generated_assets_present" time="0.538" /><testcase classname="tests.test_admin_v6" name="test_public_content_hero" time="0.144" /><testcase classname="tests.test_admin_v6" name="test_public_content_about" time="0.116" /><testcase classname="tests.test_admin_v6" name="test_public_content_personas" time="0.096" /><testcase classname="tests.test_admin_v6" name="test_public_content_stats_endpoint" time="0.119" /><testcase classname="tests.test_admin_v6" name="test_public_content_unknown_404" time="0.117" /><testcase classname="tests.test_admin_v6" name="test_admin_opps_requires_auth" time="0.132" /><testcase classname="tests.test_admin_v6" name="test_admin_opps_forbid_investor" time="0.367" /><testcase classname="tests.test_admin_v6" name="test_admin_content_requires_auth" time="0.100" /><testcase classname="tests.test_admin_v6" name="test_admin_upload_forbid_investor" time="0.049" /><testcase classname="tests.test_admin_v6" name="test_admin_list_opps_returns_8" time="0.419" /><testcase classname="tests.test_admin_v6" name="test_admin_opp_create" time="0.174" /><testcase classname="tests.test_admin_v6" name="test_admin_opp_update" time="0.172" /><testcase classname="tests.test_admin_v6" name="test_admin_opp_delete" time="0.193" /><testcase classname="tests.test_admin_v6" name="test_admin_opp_update_not_found" time="0.073" /><testcase classname="tests.test_admin_v6" name="test_admin_opp_delete_not_found" time="0.067" /><testcase classname="tests.test_admin_v6" name="test_admin_content_stats_update_and_reflect" time="0.334" /><testcase classname="tests.test_admin_v6" name="test_admin_content_hero_about_personas" time="0.594" /><testcase classname="tests.test_admin_v6" name="test_admin_upload_image" time="0.192" /><testcase classname="tests.test_admin_v6" name="test_admin_upload_rejects_bad_ext" time="0.101" /><testcase classname="tests.test_admin_v6" name="test_admin_reset_opportunities_preserves_demo_watchlist" time="0.124" /><testcase classname="tests.test_security_v7" name="test_security_headers_present" time="0.121" /><testcase classname="tests.test_security_v7" name="test_openapi_disabled" time="0.117" /><testcase classname="tests.test_security_v7" name="test_register_weak_password_too_short" time="0.096" /><testcase classname="tests.test_security_v7" name="test_register_weak_password_letters_only" time="0.115" /><testcase classname="tests.test_security_v7" name="test_register_strong_password_ok" time="0.107"><failure message="AssertionError: {&quot;error&quot;:&quot;Rate limit exceeded: 5 per 1 minute&quot;}&#10;assert 429 == 200&#10; +  where 429 = &lt;Response [429]&gt;.status_code">tests/test_security_v7.py:79: in test_register_strong_password_ok
    assert r.status_code == 200, r.text
E   AssertionError: {"error":"Rate limit exceeded: 5 per 1 minute"}
E   assert 429 == 200
E    +  where 429 = &lt;Response [429]&gt;.status_code</failure></testcase><testcase classname="tests.test_security_v7" name="test_waitlist_honeypot_silently_discarded" time="0.561" /><testcase classname="tests.test_security_v7" name="test_refresh_rotation_revokes_old_token" time="0.120"><failure message="assert 429 == 200&#10; +  where 429 = &lt;Response [429]&gt;.status_code">tests/test_security_v7.py:107: in test_refresh_rotation_revokes_old_token
    assert r.status_code == 200
E   assert 429 == 200
E    +  where 429 = &lt;Response [429]&gt;.status_code</failure></testcase><testcase classname="tests.test_security_v7" name="test_logout_revokes_refresh_token" time="0.121"><failure message="assert 429 == 200&#10; +  where 429 = &lt;Response [429]&gt;.status_code">tests/test_security_v7.py:129: in test_logout_revokes_refresh_token
    assert r.status_code == 200
E   assert 429 == 200
E    +  where 429 = &lt;Response [429]&gt;.status_code</failure></testcase><testcase classname="tests.test_security_v7" name="test_upload_rejects_text_as_png" time="0.049" /><testcase classname="tests.test_security_v7" name="test_upload_accepts_real_png_and_audits" time="0.154" /><testcase classname="tests.test_security_v7" name="test_audit_log_endpoint" time="0.051" /><testcase classname="tests.test_security_v7" name="test_audit_log_forbidden_for_investor" time="0.432" /><testcase classname="tests.test_security_v7" name="test_pdf_generation_still_works" time="0.105" /><testcase classname="tests.test_security_v7" name="test_zzz_waitlist_rate_limit_429" time="0.024" /><testcase classname="tests.test_security_v7" name="test_zzz_register_rate_limit_429" time="1.143" /><testcase classname="tests.test_security_v7" name="test_zzz_login_rate_limit_429" time="0.029" /></testsuite></testsuites>