<?xml version="1.0" encoding="utf-8"?><testsuites name="pytest tests"><testsuite name="pytest" errors="0" failures="1" skipped="0" tests="17" time="3.641" timestamp="2026-06-12T14:39:20.859603+00:00" hostname="agent-env-0f351505-fd8d-4bf1-a286-9cf488a9fc35"><testcase classname="backend.tests.backend_test" name="test_root" time="0.237" /><testcase classname="backend.tests.backend_test" name="test_list_opportunities" time="0.048" /><testcase classname="backend.tests.backend_test" name="test_list_opportunities_filter_city" time="0.048" /><testcase classname="backend.tests.backend_test" name="test_get_opportunity_detail" time="0.056" /><testcase classname="backend.tests.backend_test" name="test_get_opportunity_not_found" time="0.057" /><testcase classname="backend.tests.backend_test" name="test_stats" time="0.049" /><testcase classname="backend.tests.backend_test" name="test_waitlist" time="0.048" /><testcase classname="backend.tests.backend_test" name="test_partner" time="0.071" /><testcase classname="backend.tests.backend_test" name="test_strategy_call" time="0.068" /><testcase classname="backend.tests.backend_test" name="test_demo_login_and_me" time="0.424" /><testcase classname="backend.tests.backend_test" name="test_admin_login" time="0.370" /><testcase classname="backend.tests.backend_test" name="test_login_invalid_credentials" time="0.050"><failure message="assert 422 in (401, 429)&#10; +  where 422 = &lt;Response [422]&gt;.status_code">backend/tests/backend_test.py:162: in test_login_invalid_credentials
    assert r.status_code in (401, 429)
E   assert 422 in (401, 429)
E    +  where 422 = &lt;Response [422]&gt;.status_code</failure></testcase><testcase classname="backend.tests.backend_test" name="test_me_unauthenticated" time="0.134" /><testcase classname="backend.tests.backend_test" name="test_register_and_logout" time="0.588" /><testcase classname="backend.tests.backend_test" name="test_dashboard_requires_auth" time="0.098" /><testcase classname="backend.tests.backend_test" name="test_dashboard_loads_demo" time="0.413" /><testcase classname="backend.tests.backend_test" name="test_dashboard_watchlist_crud" time="0.634" /></testsuite></testsuites>