<?xml version="1.0" encoding="utf-8"?><testsuites name="pytest tests"><testsuite name="pytest" errors="0" failures="3" skipped="0" tests="65" time="12.262" timestamp="2026-07-17T12:22:33.820364+00:00" hostname="agent-env-0f351505-fd8d-4bf1-a286-9cf488a9fc35"><testcase classname="backend.tests.backend_test" name="test_root" time="0.120" /><testcase classname="backend.tests.backend_test" name="test_list_opportunities" time="0.045" /><testcase classname="backend.tests.backend_test" name="test_opportunity_detail_for_all_ids" time="0.359" /><testcase classname="backend.tests.backend_test" name="test_list_opportunities_filter_city" time="0.045" /><testcase classname="backend.tests.backend_test" name="test_get_opportunity_detail" time="0.044" /><testcase classname="backend.tests.backend_test" name="test_logout_idempotent_no_auth" time="0.097" /><testcase classname="backend.tests.backend_test" name="test_demo_watchlist_contains_valid_new_ids" time="0.369" /><testcase classname="backend.tests.backend_test" name="test_get_opportunity_not_found" time="0.052" /><testcase classname="backend.tests.backend_test" name="test_stats" time="0.043" /><testcase classname="backend.tests.backend_test" name="test_waitlist" time="0.044" /><testcase classname="backend.tests.backend_test" name="test_partner" time="0.044" /><testcase classname="backend.tests.backend_test" name="test_strategy_call" time="0.047" /><testcase classname="backend.tests.backend_test" name="test_demo_login_and_me" time="0.392" /><testcase classname="backend.tests.backend_test" name="test_admin_login" time="0.334" /><testcase classname="backend.tests.backend_test" name="test_login_invalid_credentials" time="0.048" /><testcase classname="backend.tests.backend_test" name="test_me_unauthenticated" time="0.132" /><testcase classname="backend.tests.backend_test" name="test_register_and_logout" time="0.615" /><testcase classname="backend.tests.backend_test" name="test_dashboard_requires_auth" time="0.102" /><testcase classname="backend.tests.backend_test" name="test_dashboard_loads_demo" time="0.046" /><testcase classname="backend.tests.backend_test" name="test_dashboard_watchlist_crud" time="0.673" /><testcase classname="backend.tests.backend_test" name="test_admin_stats" time="0.370" /><testcase classname="backend.tests.backend_test" name="test_admin_waitlist_list" time="0.046" /><testcase classname="backend.tests.backend_test" name="test_admin_partners_list" time="0.049" /><testcase classname="backend.tests.backend_test" name="test_admin_strategy_calls_list" time="0.048" /><testcase classname="backend.tests.backend_test" name="test_admin_users_list_no_password_hash" time="0.050" /><testcase classname="backend.tests.backend_test" name="test_admin_delete_waitlist_lead" time="0.220" /><testcase classname="backend.tests.backend_test" name="test_admin_delete_unknown_collection" time="0.050" /><testcase classname="backend.tests.backend_test" name="test_admin_endpoints_require_auth" time="0.299" /><testcase classname="backend.tests.backend_test" name="test_admin_endpoints_forbid_investor" time="0.236" /><testcase classname="backend.tests.backend_test" name="test_demo_watchlist_forced_alignment" time="0.046" /><testcase classname="backend.tests.backend_test" name="test_generated_assets_present" time="0.368" /><testcase classname="backend.tests.test_admin_v6" name="test_public_content_hero" time="0.139" /><testcase classname="backend.tests.test_admin_v6" name="test_public_content_about" time="0.108" /><testcase classname="backend.tests.test_admin_v6" name="test_public_content_personas" time="0.121" /><testcase classname="backend.tests.test_admin_v6" name="test_public_content_stats_endpoint" time="0.111" /><testcase classname="backend.tests.test_admin_v6" name="test_public_content_unknown_404" time="0.102" /><testcase classname="backend.tests.test_admin_v6" name="test_admin_opps_requires_auth" time="0.107" /><testcase classname="backend.tests.test_admin_v6" name="test_admin_opps_forbid_investor" time="0.373" /><testcase classname="backend.tests.test_admin_v6" name="test_admin_content_requires_auth" time="0.110" /><testcase classname="backend.tests.test_admin_v6" name="test_admin_upload_forbid_investor" time="0.046" /><testcase classname="backend.tests.test_admin_v6" name="test_admin_list_opps_returns_8" time="0.372" /><testcase classname="backend.tests.test_admin_v6" name="test_admin_opp_create_update_delete" time="0.479" /><testcase classname="backend.tests.test_admin_v6" name="test_admin_opp_update_not_found" time="0.050" /><testcase classname="backend.tests.test_admin_v6" name="test_admin_opp_delete_not_found" time="0.045" /><testcase classname="backend.tests.test_admin_v6" name="test_admin_content_stats_update_and_reflect" time="0.396" /><testcase classname="backend.tests.test_admin_v6" name="test_admin_content_hero_about_personas" time="0.474" /><testcase classname="backend.tests.test_admin_v6" name="test_admin_upload_image" time="0.211" /><testcase classname="backend.tests.test_admin_v6" name="test_admin_upload_rejects_bad_ext" time="0.100" /><testcase classname="backend.tests.test_admin_v6" name="test_admin_reset_opportunities_preserves_demo_watchlist" time="0.104" /><testcase classname="backend.tests.test_security_v7" name="test_security_headers_present" time="0.099" /><testcase classname="backend.tests.test_security_v7" name="test_openapi_disabled" time="0.108" /><testcase classname="backend.tests.test_security_v7" name="test_register_weak_password_too_short" time="0.105" /><testcase classname="backend.tests.test_security_v7" name="test_register_weak_password_letters_only" time="0.107" /><testcase classname="backend.tests.test_security_v7" name="test_register_strong_password_ok" time="0.149"><failure message="AssertionError: {&quot;error&quot;:&quot;Rate limit exceeded: 5 per 1 minute&quot;}&#10;assert 429 == 200&#10; +  where 429 = &lt;Response [429]&gt;.status_code">E   AssertionError: {"error":"Rate limit exceeded: 5 per 1 minute"}
    assert 429 == 200
     +  where 429 = &lt;Response [429]&gt;.status_code</failure></testcase><testcase classname="backend.tests.test_security_v7" name="test_waitlist_honeypot_silently_discarded" time="0.511" /><testcase classname="backend.tests.test_security_v7" name="test_refresh_rotation_revokes_old_token" time="0.099"><failure message="assert 429 == 200&#10; +  where 429 = &lt;Response [429]&gt;.status_code">E   assert 429 == 200
     +  where 429 = &lt;Response [429]&gt;.status_code</failure></testcase><testcase classname="backend.tests.test_security_v7" name="test_logout_revokes_refresh_token" time="0.120"><failure message="assert 429 == 200&#10; +  where 429 = &lt;Response [429]&gt;.status_code">E   assert 429 == 200
     +  where 429 = &lt;Response [429]&gt;.status_code</failure></testcase><testcase classname="backend.tests.test_security_v7" name="test_upload_rejects_text_as_png" time="0.047" /><testcase classname="backend.tests.test_security_v7" name="test_upload_accepts_real_png_and_audits" time="0.137" /><testcase classname="backend.tests.test_security_v7" name="test_audit_log_endpoint" time="0.045" /><testcase classname="backend.tests.test_security_v7" name="test_audit_log_forbidden_for_investor" time="0.372" /><testcase classname="backend.tests.test_security_v7" name="test_pdf_generation_still_works" time="0.114" /><testcase classname="backend.tests.test_security_v7" name="test_zzz_waitlist_rate_limit_429" time="0.021" /><testcase classname="backend.tests.test_security_v7" name="test_zzz_register_rate_limit_429" time="1.147" /><testcase classname="backend.tests.test_security_v7" name="test_zzz_login_rate_limit_429" time="0.035" /></testsuite></testsuites>